<?xml version="1.0" encoding="UTF-8"?>
<!-- Generated by org.testng.reporters.JUnitReportReporter -->
<testsuite hostname="DESKTOP-V9T84V9" failures="0" tests="1" name="Testcase.Home_page_login" time="27.299" errors="0" timestamp="2023-05-30T15:12:00 IST" skipped="0">
  <testcase classname="Testcase.Home_page_login" name="login" time="27.299"/>
  <system-out/>
</testsuite> <!-- Testcase.Home_page_login -->
